e:\doproject1_submission\doproject1\textsearch\debug\textsearch.pch
e:\doproject1_submission\doproject1\textsearch\debug\vc140.pdb
e:\doproject1_submission\doproject1\textsearch\debug\vc140.idb
e:\doproject1_submission\doproject1\textsearch\debug\stdafx.obj
e:\doproject1_submission\doproject1\textsearch\debug\dllmain.obj
e:\doproject1_submission\doproject1\textsearch\debug\textsearch.obj
e:\doproject1_submission\doproject1\textsearch\debug\textsearch_i.obj
e:\doproject1_submission\doproject1\textsearch\debug\xdlldata.obj
e:\doproject1_submission\doproject1\textsearch\debug\textsearch.ilk
e:\doproject1_submission\doproject1\textsearch\debug\textsearch.dll
e:\doproject1_submission\doproject1\textsearch\debug\textsearch.pdb
e:\doproject1_submission\doproject1\textsearch\debug\textsearch.tlb
e:\doproject1_submission\doproject1\textsearch\textsearch_p.c
e:\doproject1_submission\doproject1\textsearch\textsearch_i.c
e:\doproject1_submission\doproject1\textsearch\textsearch_i.h
e:\doproject1_submission\doproject1\textsearch\debug\textsearch.res
e:\doproject1_submission\doproject1\textsearch\debug\textsearch.lib
e:\doproject1_submission\doproject1\textsearch\debug\textsearch.exp
e:\doproject1_submission\doproject1\textsearch\debug\textsearch.tlog\cl.command.1.tlog
e:\doproject1_submission\doproject1\textsearch\debug\textsearch.tlog\cl.read.1.tlog
e:\doproject1_submission\doproject1\textsearch\debug\textsearch.tlog\cl.write.1.tlog
e:\doproject1_submission\doproject1\textsearch\debug\textsearch.tlog\link.command.1.tlog
e:\doproject1_submission\doproject1\textsearch\debug\textsearch.tlog\link.read.1.tlog
e:\doproject1_submission\doproject1\textsearch\debug\textsearch.tlog\link.write.1.tlog
e:\doproject1_submission\doproject1\textsearch\debug\textsearch.tlog\midl.command.1.tlog
e:\doproject1_submission\doproject1\textsearch\debug\textsearch.tlog\midl.read.1.tlog
e:\doproject1_submission\doproject1\textsearch\debug\textsearch.tlog\midl.write.1.tlog
e:\doproject1_submission\doproject1\textsearch\debug\textsearch.tlog\rc.command.1.tlog
e:\doproject1_submission\doproject1\textsearch\debug\textsearch.tlog\rc.read.1.tlog
e:\doproject1_submission\doproject1\textsearch\debug\textsearch.tlog\rc.write.1.tlog
e:\doproject1_submission\doproject1\textsearch\debug\textsearch.tlog\textsearch.write.1u.tlog
