e:\doproject1_submission\doproject1\filemanager\debug\filemanager.pch
e:\doproject1_submission\doproject1\filemanager\debug\vc140.pdb
e:\doproject1_submission\doproject1\filemanager\debug\vc140.idb
e:\doproject1_submission\doproject1\filemanager\debug\stdafx.obj
e:\doproject1_submission\doproject1\filemanager\debug\dllmain.obj
e:\doproject1_submission\doproject1\filemanager\debug\filemanager.obj
e:\doproject1_submission\doproject1\filemanager\debug\filemanager_i.obj
e:\doproject1_submission\doproject1\filemanager\debug\xdlldata.obj
e:\doproject1_submission\doproject1\filemanager\debug\filemanager.lib
e:\doproject1_submission\doproject1\filemanager\debug\filemanager.exp
e:\doproject1_submission\doproject1\filemanager\debug\filemanager.ilk
e:\doproject1_submission\doproject1\filemanager\debug\filemanager.dll
e:\doproject1_submission\doproject1\filemanager\debug\filemanager.pdb
e:\doproject1_submission\doproject1\filemanager\debug\filemanager.tlb
e:\doproject1_submission\doproject1\filemanager\filemanager_p.c
e:\doproject1_submission\doproject1\filemanager\filemanager_i.c
e:\doproject1_submission\doproject1\filemanager\filemanager_i.h
e:\doproject1_submission\doproject1\filemanager\debug\filemanager.res
e:\doproject1_submission\doproject1\filemanager\debug\filemanager.tlog\cl.command.1.tlog
e:\doproject1_submission\doproject1\filemanager\debug\filemanager.tlog\cl.read.1.tlog
e:\doproject1_submission\doproject1\filemanager\debug\filemanager.tlog\cl.write.1.tlog
e:\doproject1_submission\doproject1\filemanager\debug\filemanager.tlog\filemanager.write.1u.tlog
e:\doproject1_submission\doproject1\filemanager\debug\filemanager.tlog\link.command.1.tlog
e:\doproject1_submission\doproject1\filemanager\debug\filemanager.tlog\link.read.1.tlog
e:\doproject1_submission\doproject1\filemanager\debug\filemanager.tlog\link.write.1.tlog
e:\doproject1_submission\doproject1\filemanager\debug\filemanager.tlog\midl.command.1.tlog
e:\doproject1_submission\doproject1\filemanager\debug\filemanager.tlog\midl.read.1.tlog
e:\doproject1_submission\doproject1\filemanager\debug\filemanager.tlog\midl.write.1.tlog
e:\doproject1_submission\doproject1\filemanager\debug\filemanager.tlog\rc.command.1.tlog
e:\doproject1_submission\doproject1\filemanager\debug\filemanager.tlog\rc.read.1.tlog
e:\doproject1_submission\doproject1\filemanager\debug\filemanager.tlog\rc.write.1.tlog
